# JRE version: OpenJDK Runtime Environment Temurin-17.0.7+7 (17.0.7+7) (build 17.0.7+7)
# Java VM: OpenJDK 64-Bit Server VM Temurin-17.0.7+7 (17.0.7+7, mixed mode, emulated-client, tiered, compressed oops, compressed class ptrs, g1 gc, windows-amd64)
GC Precious Log:
 CPUs: 4 total, 4 available
 Memory: 8068M
 Large Page Support: Disabled
 NUMA Support: Disabled
 Compressed Oops: Enabled (32-bit)
 Heap Region Size: 1M
 Heap Min Capacity: 8M
 Heap Initial Capacity: 128M
 Heap Max Capacity: 1G
 Pre-touch: Disabled
 Parallel Workers: 4
 Concurrent Workers: 1
 Concurrent Refinement Workers: 4
 Periodic GC: Disabled
Heap:
 garbage-first heap   total 242688K, used 78390K [0x00000000c0000000, 0x0000000100000000)
  region size 1024K, 1 young (1024K), 0 survivors (0K)
 Metaspace       used 74984K, committed 75584K, reserved 1114112K
  class space    used 10250K, committed 10560K, reserved 1048576K
GC Heap History (20 events):
Event: 4754.021 GC heap after
{Heap after GC invocations=494 (full 336):
 garbage-first heap   total 242688K, used 78284K [0x00000000c0000000, 0x0000000100000000)
  region size 1024K, 0 young (0K), 0 survivors (0K)
 Metaspace       used 74984K, committed 75584K, reserved 1114112K
  class space    used 10250K, committed 10560K, reserved 1048576K
}
Event: 4764.218 GC heap before
{Heap before GC invocations=494 (full 336):
 garbage-first heap   total 242688K, used 78284K [0x00000000c0000000, 0x0000000100000000)
  region size 1024K, 1 young (1024K), 0 survivors (0K)
 Metaspace       used 74984K, committed 75584K, reserved 1114112K
  class space    used 10250K, committed 10560K, reserved 1048576K
}
Event: 4764.265 GC heap after
{Heap after GC invocations=495 (full 337):
 garbage-first heap   total 242688K, used 78284K [0x00000000c0000000, 0x0000000100000000)
  region size 1024K, 0 young (0K), 0 survivors (0K)
 Metaspace       used 74984K, committed 75584K, reserved 1114112K
  class space    used 10250K, committed 10560K, reserved 1048576K
}
Event: 4774.494 GC heap before
{Heap before GC invocations=495 (full 337):
 garbage-first heap   total 242688K, used 78284K [0x00000000c0000000, 0x0000000100000000)
  region size 1024K, 1 young (1024K), 0 survivors (0K)
 Metaspace       used 74984K, committed 75584K, reserved 1114112K
  class space    used 10250K, committed 10560K, reserved 1048576K
}
Event: 4774.541 GC heap after
{Heap after GC invocations=496 (full 338):
 garbage-first heap   total 242688K, used 78284K [0x00000000c0000000, 0x0000000100000000)
  region size 1024K, 0 young (0K), 0 survivors (0K)
 Metaspace       used 74984K, committed 75584K, reserved 1114112K
  class space    used 10250K, committed 10560K, reserved 1048576K
}
Event: 4784.760 GC heap before
{Heap before GC invocations=496 (full 338):
 garbage-first heap   total 242688K, used 78284K [0x00000000c0000000, 0x0000000100000000)
  region size 1024K, 1 young (1024K), 0 survivors (0K)
 Metaspace       used 74984K, committed 75584K, reserved 1114112K
  class space    used 10250K, committed 10560K, reserved 1048576K
}
Event: 4784.809 GC heap after
{Heap after GC invocations=497 (full 339):
 garbage-first heap   total 242688K, used 78284K [0x00000000c0000000, 0x0000000100000000)
  region size 1024K, 0 young (0K), 0 survivors (0K)
 Metaspace       used 74984K, committed 75584K, reserved 1114112K
  class space    used 10250K, committed 10560K, reserved 1048576K
}
Event: 4795.030 GC heap before
{Heap before GC invocations=497 (full 339):
 garbage-first heap   total 242688K, used 78284K [0x00000000c0000000, 0x0000000100000000)
  region size 1024K, 1 young (1024K), 0 survivors (0K)
 Metaspace       used 74984K, committed 75584K, reserved 1114112K
  class space    used 10250K, committed 10560K, reserved 1048576K
}
Event: 4795.078 GC heap after
{Heap after GC invocations=498 (full 340):
 garbage-first heap   total 242688K, used 78284K [0x00000000c0000000, 0x0000000100000000)
  region size 1024K, 0 young (0K), 0 survivors (0K)
 Metaspace       used 74984K, committed 75584K, reserved 1114112K
  class space    used 10250K, committed 10560K, reserved 1048576K
}
Event: 4805.283 GC heap before
{Heap before GC invocations=498 (full 340):
 garbage-first heap   total 242688K, used 78284K [0x00000000c0000000, 0x0000000100000000)
  region size 1024K, 1 young (1024K), 0 survivors (0K)
 Metaspace       used 74984K, committed 75584K, reserved 1114112K
  class space    used 10250K, committed 10560K, reserved 1048576K
}
Event: 4805.330 GC heap after
{Heap after GC invocations=499 (full 341):
 garbage-first heap   total 242688K, used 78284K [0x00000000c0000000, 0x0000000100000000)
  region size 1024K, 0 young (0K), 0 survivors (0K)
 Metaspace       used 74984K, committed 75584K, reserved 1114112K
  class space    used 10250K, committed 10560K, reserved 1048576K
}
Event: 4815.513 GC heap before
{Heap before GC invocations=499 (full 341):
 garbage-first heap   total 242688K, used 78284K [0x00000000c0000000, 0x0000000100000000)
  region size 1024K, 1 young (1024K), 0 survivors (0K)
 Metaspace       used 74984K, committed 75584K, reserved 1114112K
  class space    used 10250K, committed 10560K, reserved 1048576K
}
Event: 4815.562 GC heap after
{Heap after GC invocations=500 (full 342):
 garbage-first heap   total 242688K, used 78284K [0x00000000c0000000, 0x0000000100000000)
  region size 1024K, 0 young (0K), 0 survivors (0K)
 Metaspace       used 74984K, committed 75584K, reserved 1114112K
  class space    used 10250K, committed 10560K, reserved 1048576K
}
Event: 4825.796 GC heap before
{Heap before GC invocations=500 (full 342):
 garbage-first heap   total 242688K, used 78284K [0x00000000c0000000, 0x0000000100000000)
  region size 1024K, 1 young (1024K), 0 survivors (0K)
 Metaspace       used 74984K, committed 75584K, reserved 1114112K
  class space    used 10250K, committed 10560K, reserved 1048576K
}
Event: 4825.847 GC heap after
{Heap after GC invocations=501 (full 343):
 garbage-first heap   total 242688K, used 78284K [0x00000000c0000000, 0x0000000100000000)
  region size 1024K, 0 young (0K), 0 survivors (0K)
 Metaspace       used 74984K, committed 75584K, reserved 1114112K
  class space    used 10250K, committed 10560K, reserved 1048576K
}
Event: 4836.040 GC heap before
{Heap before GC invocations=501 (full 343):
 garbage-first heap   total 242688K, used 78284K [0x00000000c0000000, 0x0000000100000000)
  region size 1024K, 1 young (1024K), 0 survivors (0K)
 Metaspace       used 74984K, committed 75584K, reserved 1114112K
  class space    used 10250K, committed 10560K, reserved 1048576K
}
Event: 4836.088 GC heap after
{Heap after GC invocations=502 (full 344):
 garbage-first heap   total 242688K, used 78284K [0x00000000c0000000, 0x0000000100000000)
  region size 1024K, 0 young (0K), 0 survivors (0K)
 Metaspace       used 74984K, committed 75584K, reserved 1114112K
  class space    used 10250K, committed 10560K, reserved 1048576K
}
Event: 4846.365 GC heap before
{Heap before GC invocations=502 (full 344):
 garbage-first heap   total 242688K, used 78284K [0x00000000c0000000, 0x0000000100000000)
  region size 1024K, 1 young (1024K), 0 survivors (0K)
 Metaspace       used 74984K, committed 75584K, reserved 1114112K
  class space    used 10250K, committed 10560K, reserved 1048576K
}
Event: 4846.416 GC heap after
{Heap after GC invocations=503 (full 345):
 garbage-first heap   total 242688K, used 78284K [0x00000000c0000000, 0x0000000100000000)
  region size 1024K, 0 young (0K), 0 survivors (0K)
 Metaspace       used 74984K, committed 75584K, reserved 1114112K
  class space    used 10250K, committed 10560K, reserved 1048576K
}
Event: 10761.077 GC heap before
{Heap before GC invocations=503 (full 345):
 garbage-first heap   total 242688K, used 78284K [0x00000000c0000000, 0x0000000100000000)
  region size 1024K, 1 young (1024K), 0 survivors (0K)
 Metaspace       used 74984K, committed 75584K, reserved 1114112K
  class space    used 10250K, committed 10560K, reserved 1048576K
}

